Determining if the pthread_create exist failed with the following output:
Change Dir: /home/workspace/Project1/build/CMakeFiles/CMakeTmp

Run Build Command:"/usr/bin/make" "cmTC_19bab/fast"
/usr/bin/make -f CMakeFiles/cmTC_19bab.dir/build.make CMakeFiles/cmTC_19bab.dir/build
make[1]: Entering directory '/home/workspace/Project1/build/CMakeFiles/CMakeTmp'
Building C object CMakeFiles/cmTC_19bab.dir/CheckSymbolExists.c.o
/usr/bin/cc     -o CMakeFiles/cmTC_19bab.dir/CheckSymbolExists.c.o   -c /home/workspace/Project1/build/CMakeFiles/CMakeTmp/CheckSymbolExists.c
Linking C executable cmTC_19bab
/usr/bin/cmake -E cmake_link_script CMakeFiles/cmTC_19bab.dir/link.txt --verbose=1
/usr/bin/cc       CMakeFiles/cmTC_19bab.dir/CheckSymbolExists.c.o  -o cmTC_19bab -rdynamic 
CMakeFiles/cmTC_19bab.dir/CheckSymbolExists.c.o: In function `main':
CheckSymbolExists.c:(.text+0x16): undefined reference to `pthread_create'
collect2: error: ld returned 1 exit status
CMakeFiles/cmTC_19bab.dir/build.make:97: recipe for target 'cmTC_19bab' failed
make[1]: *** [cmTC_19bab] Error 1
make[1]: Leaving directory '/home/workspace/Project1/build/CMakeFiles/CMakeTmp'
Makefile:126: recipe for target 'cmTC_19bab/fast' failed
make: *** [cmTC_19bab/fast] Error 2

File /home/workspace/Project1/build/CMakeFiles/CMakeTmp/CheckSymbolExists.c:
/* */
#include <pthread.h>

int main(int argc, char** argv)
{
  (void)argv;
#ifndef pthread_create
  return ((int*)(&pthread_create))[argc];
#else
  (void)argc;
  return 0;
#endif
}

Determining if the function pthread_create exists in the pthreads failed with the following output:
Change Dir: /home/workspace/Project1/build/CMakeFiles/CMakeTmp

Run Build Command:"/usr/bin/make" "cmTC_c316a/fast"
/usr/bin/make -f CMakeFiles/cmTC_c316a.dir/build.make CMakeFiles/cmTC_c316a.dir/build
make[1]: Entering directory '/home/workspace/Project1/build/CMakeFiles/CMakeTmp'
Building C object CMakeFiles/cmTC_c316a.dir/CheckFunctionExists.c.o
/usr/bin/cc    -DCHECK_FUNCTION_EXISTS=pthread_create   -o CMakeFiles/cmTC_c316a.dir/CheckFunctionExists.c.o   -c /usr/share/cmake-3.5/Modules/CheckFunctionExists.c
Linking C executable cmTC_c316a
/usr/bin/cmake -E cmake_link_script CMakeFiles/cmTC_c316a.dir/link.txt --verbose=1
/usr/bin/cc   -DCHECK_FUNCTION_EXISTS=pthread_create    CMakeFiles/cmTC_c316a.dir/CheckFunctionExists.c.o  -o cmTC_c316a -rdynamic -lpthreads 
/usr/bin/ld: cannot find -lpthreads
collect2: error: ld returned 1 exit status
CMakeFiles/cmTC_c316a.dir/build.make:97: recipe for target 'cmTC_c316a' failed
make[1]: *** [cmTC_c316a] Error 1
make[1]: Leaving directory '/home/workspace/Project1/build/CMakeFiles/CMakeTmp'
Makefile:126: recipe for target 'cmTC_c316a/fast' failed
make: *** [cmTC_c316a/fast] Error 2


